2025-09-05 03:44:55,707 - arc_integration.arc_meta_learning - INFO - ARC Meta-Learning System initialized
2025-09-05 03:44:55,731 - core.adaptive_energy_system - INFO - AdaptiveEnergySystem initialized with config: EnergyConfig(max_energy=100.0, base_depletion_rate=0.08, action_based_depletion=0.25, sleep_trigger_threshold=60.0, min_sleep_threshold=20.0, max_sleep_threshold=60.0, time_based_sleep_interval=3.0, min_time_interval=1.0, max_time_interval=8.0, success_rate_multiplier=0.8, failure_rate_multiplier=1.2)
2025-09-05 03:44:55,746 - goals.goal_system - INFO - Goal system initialized in survival phase
2025-09-05 03:44:55,770 - core.agent - INFO - Predictive core initialized with lstm architecture
2025-09-05 03:44:55,773 - core.agent - INFO - DNC memory system initialized and integrated with predictive core
2025-09-05 03:44:55,773 - core.agent - INFO - Learning progress drive initialized
2025-09-05 03:44:55,774 - core.agent - INFO - Energy and death management system initialized
2025-09-05 03:44:55,774 - goals.goal_system - INFO - Goal system initialized in survival phase
2025-09-05 03:44:55,775 - core.agent - INFO - Goal system initialized in survival phase
2025-09-05 03:44:57,899 - core.agent - INFO - Action selection system initialized
2025-09-05 03:44:57,905 - core.agent - INFO - Sleep and dream cycle system initialized
2025-09-05 03:44:57,908 - core.agent - INFO - Monitoring and metrics system initialized
2025-09-05 03:44:57,911 - core.agent - INFO - Meta-learning system initialized
2025-09-05 03:44:57,914 - core.agent - INFO - Adaptive Learning Agent initialized successfully
2025-09-05 03:44:57,922 - src.arc_integration.continuous_learning_loop - INFO - Demo agent initialized for monitoring
2025-09-05 03:44:57,939 - src.arc_integration.continuous_learning_loop - INFO - Continuous Learning Loop initialized with ARC-3 API integration
2025-09-05 03:45:07,116 - src.core.architect.Architect - ERROR - STDERR: Traceback (most recent call last):
  File "C:\Users\Admin\Documents\GitHub\tabula-rasa\master_arc_trainer.py", line 746, in <module>
    exit_code = asyncio.run(main())
  File "C:\Python313\Lib\asyncio\runners.py", line 195, in run
    return runner.run(main)
           ~~~~~~~~~~^^^^^^
  File "C:\Python313\Lib\asyncio\runners.py", line 118, in run
    return self._loop.run_until_complete(task)
           ~~~~~~~~~~~~~~~~~~~~~~~~~~~~~^^^^^^
  File "C:\Python313\Lib\asyncio\base_events.py", line 725, in run_until_complete
    return future.result()
           ~~~~~~~~~~~~~^^
  File "C:\Users\Admin\Documents\GitHub\tabula-rasa\master_arc_trainer.py", line 666, in main
    print("\U0001f680 MASTER ARC TRAINER - Unified Training System")
    ~~~~~^^^^^^^^^^^^^^^^^^^^^^^^^^^^^^^^^^^^^^^^^^^^^^^^^^^
  File "C:\Python313\Lib\encodings\cp1252.py", line 19, in encode
    return codecs.charmap_encode(input,self.errors,encoding_table)[0]
           ~~~~~~~~~~~~~~~~~~~~~^^^^^^^^^^^^^^^^^^^^^^^^^^^^^^^^^^
UnicodeEncodeError: 'charmap' codec can't encode character '\U0001f680' in position 0: character maps to <undefined>

During handling of the above exception, another exception occurred:

Traceback (most recent call last):
  File "C:\Users\Admin\Documents\GitHub\tabula-rasa\master_arc_trainer.py", line 752, in <module>
    print(f"\n\U0001f4a5 Fatal error: {e}")
    ~~~~~^^^^^^^^^^^^^^^^^^^^^^^^^^
  File "C:\Python313\Lib\encodings\cp1252.py", line 19, in encode
    return codecs.charmap_encode(input,self.errors,encoding_table)[0]
           ~~~~~~~~~~~~~~~~~~~~~^^^^^^^^^^^^^^^^^^^^^^^^^^^^^^^^^^
UnicodeEncodeError: 'charmap' codec can't encode character '\U0001f4a5' in position 2: character maps to <undefined>

